0 info it worked if it ends with ok
1 verbose cli [ '/usr/bin/node',
1 verbose cli   '/usr/bin/npm',
1 verbose cli   'install',
1 verbose cli   'jwt-decode',
1 verbose cli   '/home/thehappyirishamerican/node_modules/jwt-decode' ]
2 info using npm@3.5.2
3 info using node@v8.10.0
4 verbose config Skipping project config: /home/thehappyirishamerican/.npmrc. (matches userconfig)
5 silly loadCurrentTree Starting
6 silly install loadCurrentTree
7 silly install readLocalPackageData
8 silly fetchPackageMetaData jwt-decode
9 silly fetchPackageMetaData /home/thehappyirishamerican/node_modules/jwt-decode
10 silly fetchNamedPackageData jwt-decode
11 silly mapToRegistry name jwt-decode
12 silly mapToRegistry using default registry
13 silly mapToRegistry registry https://registry.npmjs.org/
14 silly mapToRegistry uri https://registry.npmjs.org/jwt-decode
15 silly fetchOtherPackageData /home/thehappyirishamerican/node_modules/jwt-decode
16 silly cache add args [ '/home/thehappyirishamerican/node_modules/jwt-decode', null ]
17 verbose cache add spec /home/thehappyirishamerican/node_modules/jwt-decode
18 silly cache add parsed spec Result {
18 silly cache add   raw: '/home/thehappyirishamerican/node_modules/jwt-decode',
18 silly cache add   scope: null,
18 silly cache add   name: null,
18 silly cache add   rawSpec: '/home/thehappyirishamerican/node_modules/jwt-decode',
18 silly cache add   spec: '/home/thehappyirishamerican/node_modules/jwt-decode',
18 silly cache add   type: 'local' }
19 error addLocal Could not install /home/thehappyirishamerican/node_modules/jwt-decode
20 silly fetchPackageMetaData Error: ENOENT: no such file or directory, open '/home/thehappyirishamerican/node_modules/jwt-decode'
20 silly fetchPackageMetaData  error for /home/thehappyirishamerican/node_modules/jwt-decode { Error: ENOENT: no such file or directory, open '/home/thehappyirishamerican/node_modules/jwt-decode'
20 silly fetchPackageMetaData   errno: -2,
20 silly fetchPackageMetaData   code: 'ENOENT',
20 silly fetchPackageMetaData   syscall: 'open',
20 silly fetchPackageMetaData   path: '/home/thehappyirishamerican/node_modules/jwt-decode' }
21 verbose request uri https://registry.npmjs.org/jwt-decode
22 verbose request no auth needed
23 info attempt registry request try #1 at 1:07:33 AM
24 verbose request id b96fda978b3091ec
25 verbose etag W/"b7ab5c8daf7b2d2d792fefae33386295"
26 verbose lastModified Tue, 18 Feb 2020 11:35:05 GMT
27 http request GET https://registry.npmjs.org/jwt-decode
28 http 304 https://registry.npmjs.org/jwt-decode
29 verbose headers { date: 'Tue, 03 Mar 2020 09:07:34 GMT',
29 verbose headers   connection: 'keep-alive',
29 verbose headers   'set-cookie':
29 verbose headers    [ '__cfduid=d6373203b8abc150e1f051efe5979fa5b1583226454; expires=Thu, 02-Apr-20 09:07:34 GMT; path=/; domain=.npmjs.org; HttpOnly; SameSite=Lax' ],
29 verbose headers   'cf-ray': '56e2353a5b147890-LAX',
29 verbose headers   age: '5356',
29 verbose headers   'cache-control': 'public, max-age=300',
29 verbose headers   etag: '"b7ab5c8daf7b2d2d792fefae33386295"',
29 verbose headers   'last-modified': 'Tue, 18 Feb 2020 11:35:05 GMT',
29 verbose headers   vary: 'Accept-Encoding',
29 verbose headers   'cf-cache-status': 'HIT',
29 verbose headers   'expect-ct': 'max-age=604800, report-uri="https://report-uri.cloudflare.com/cdn-cgi/beacon/expect-ct"',
29 verbose headers   server: 'cloudflare' }
30 silly get cb [ 304,
30 silly get   { date: 'Tue, 03 Mar 2020 09:07:34 GMT',
30 silly get     connection: 'keep-alive',
30 silly get     'set-cookie':
30 silly get      [ '__cfduid=d6373203b8abc150e1f051efe5979fa5b1583226454; expires=Thu, 02-Apr-20 09:07:34 GMT; path=/; domain=.npmjs.org; HttpOnly; SameSite=Lax' ],
30 silly get     'cf-ray': '56e2353a5b147890-LAX',
30 silly get     age: '5356',
30 silly get     'cache-control': 'public, max-age=300',
30 silly get     etag: '"b7ab5c8daf7b2d2d792fefae33386295"',
30 silly get     'last-modified': 'Tue, 18 Feb 2020 11:35:05 GMT',
30 silly get     vary: 'Accept-Encoding',
30 silly get     'cf-cache-status': 'HIT',
30 silly get     'expect-ct': 'max-age=604800, report-uri="https://report-uri.cloudflare.com/cdn-cgi/beacon/expect-ct"',
30 silly get     server: 'cloudflare' } ]
31 verbose etag https://registry.npmjs.org/jwt-decode from cache
32 verbose get saving jwt-decode to /home/thehappyirishamerican/.npm/registry.npmjs.org/jwt-decode/.cache.json
33 silly rollbackFailedOptional Starting
34 silly rollbackFailedOptional Finishing
35 silly runTopLevelLifecycles Starting
36 silly runTopLevelLifecycles Finishing
37 silly install printInstalled
38 verbose stack Error: ENOENT: no such file or directory, open '/home/thehappyirishamerican/node_modules/jwt-decode'
39 verbose cwd /home/thehappyirishamerican/conor-first-js-application
40 error Linux 5.3.0-40-generic
41 error argv "/usr/bin/node" "/usr/bin/npm" "install" "jwt-decode" "/home/thehappyirishamerican/node_modules/jwt-decode"
42 error node v8.10.0
43 error npm  v3.5.2
44 error path /home/thehappyirishamerican/node_modules/jwt-decode
45 error code ENOENT
46 error errno -2
47 error syscall open
48 error enoent ENOENT: no such file or directory, open '/home/thehappyirishamerican/node_modules/jwt-decode'
49 error enoent ENOENT: no such file or directory, open '/home/thehappyirishamerican/node_modules/jwt-decode'
49 error enoent This is most likely not a problem with npm itself
49 error enoent and is related to npm not being able to find a file.
50 verbose exit [ -2, true ]
